TN:
SF:/workspaces/AI_unit_tests/calculator.c
FN:2,2,add
FN:3,3,subtract
FNDA:1,add
FNDA:1,subtract
FNF:2
FNH:2
DA:2,1
DA:3,1
LF:2
LH:2
end_of_record
TN:
SF:/workspaces/AI_unit_tests/tests/test_calculator.c
FN:10,12,test_addition
FN:14,16,test_subtraction
FN:18,23,main
FN:4,5,setUp
FN:7,8,tearDown
FNDA:1,test_addition
FNDA:1,test_subtraction
FNDA:1,main
FNDA:0,setUp
FNDA:0,tearDown
FNF:5
FNH:3
DA:4,0
DA:5,0
DA:7,0
DA:8,0
DA:10,1
DA:11,1
DA:12,1
DA:14,1
DA:15,1
DA:16,1
DA:18,1
DA:19,1
DA:20,1
DA:21,1
DA:22,1
LF:15
LH:11
end_of_record
TN:
SF:/workspaces/AI_unit_tests/tests/unity/unity.c
FN:12,22,UNITY_END
FN:24,27,RUN_TEST
FN:29,34,TEST_ASSERT_EQUAL
FN:6,10,UNITY_BEGIN
FNDA:1,UNITY_END
FNDA:2,RUN_TEST
FNDA:2,TEST_ASSERT_EQUAL
FNDA:1,UNITY_BEGIN
FNF:4
FNH:4
DA:6,1
DA:7,1
DA:8,1
DA:9,1
DA:10,1
DA:12,1
DA:13,1
DA:14,1
DA:15,1
DA:16,1
DA:17,1
DA:19,0
DA:20,0
DA:24,2
DA:25,2
DA:26,2
DA:27,2
DA:29,2
DA:30,2
DA:31,0
DA:32,0
DA:34,2
LF:22
LH:18
end_of_record
